Temp/gradleOut/launcher/build/intermediates/manifest_merge_blame_file/release/manifest-merger-blame-release-report.txt
1<?xml version="1.0" encoding="utf-8"?>
2<!-- GENERATED BY UNITY. REMOVE THIS COMMENT TO PREVENT OVERWRITING WHEN EXPORTING AGAIN -->
3<manifest xmlns:android="http://schemas.android.com/apk/res/android"
4    package="com.Esiea.Blackjack"
5    android:installLocation="preferExternal"
6    android:versionCode="1"
7    android:versionName="0.1" >
8
9    <uses-sdk
10        android:minSdkVersion="24"
10-->src/main/AndroidManifest.xml
11        android:targetSdkVersion="29" />
11-->src/main/AndroidManifest.xml
12
13    <supports-screens
13-->src/main/AndroidManifest.xml:4:3-163
14        android:anyDensity="true"
14-->src/main/AndroidManifest.xml:4:135-160
15        android:largeScreens="true"
15-->src/main/AndroidManifest.xml:4:78-105
16        android:normalScreens="true"
16-->src/main/AndroidManifest.xml:4:49-77
17        android:smallScreens="true"
17-->src/main/AndroidManifest.xml:4:21-48
18        android:xlargeScreens="true" />
18-->src/main/AndroidManifest.xml:4:106-134
19
20    <uses-feature android:glEsVersion="0x00020000" />
20-->[:unityLibrary] AndroidManifest.xml:13:5-54
20-->[:unityLibrary] AndroidManifest.xml:13:19-51
21
22    <uses-permission android:name="android.permission.INTERNET" />
22-->[:unityLibrary] AndroidManifest.xml:15:5-67
22-->[:unityLibrary] AndroidManifest.xml:15:22-64
23    <uses-permission android:name="android.permission.CHANGE_WIFI_MULTICAST_STATE" />
23-->[:unityLibrary] AndroidManifest.xml:16:5-86
23-->[:unityLibrary] AndroidManifest.xml:16:22-83
24
25    <uses-feature
25-->[:unityLibrary] AndroidManifest.xml:18:5-20:36
26        android:name="android.hardware.touchscreen"
26-->[:unityLibrary] AndroidManifest.xml:19:9-52
27        android:required="false" />
27-->[:unityLibrary] AndroidManifest.xml:20:9-33
28    <uses-feature
28-->[:unityLibrary] AndroidManifest.xml:21:5-23:36
29        android:name="android.hardware.touchscreen.multitouch"
29-->[:unityLibrary] AndroidManifest.xml:22:9-63
30        android:required="false" />
30-->[:unityLibrary] AndroidManifest.xml:23:9-33
31    <uses-feature
31-->[:unityLibrary] AndroidManifest.xml:24:5-26:36
32        android:name="android.hardware.touchscreen.multitouch.distinct"
32-->[:unityLibrary] AndroidManifest.xml:25:9-72
33        android:required="false" />
33-->[:unityLibrary] AndroidManifest.xml:26:9-33
34
35    <uses-permission android:name="android.permission.CAMERA" />
35-->[:unityLibrary] AndroidManifest.xml:28:5-65
35-->[:unityLibrary] AndroidManifest.xml:28:22-62
36
37    <uses-feature
37-->[:unityLibrary] AndroidManifest.xml:30:5-32:35
38        android:name="android.hardware.camera.ar"
38-->[:unityLibrary] AndroidManifest.xml:31:9-50
39        android:required="true" />
39-->[:unityLibrary] AndroidManifest.xml:32:9-32
40    <uses-feature
40-->[:unityLibrary] AndroidManifest.xml:33:5-35:35
41        android:name="com.google.ar.core.depth"
41-->[:unityLibrary] AndroidManifest.xml:34:9-48
42        android:required="true" />
42-->[:unityLibrary] AndroidManifest.xml:35:9-32
43
44    <uses-permission android:name="android.permission.ACCESS_NETWORK_STATE" />
44-->[:UnityAds:] AndroidManifest.xml:11:5-79
44-->[:UnityAds:] AndroidManifest.xml:11:22-76
45
46    <queries>
46-->[:arcore_client:] AndroidManifest.xml:29:5-31:15
47        <package android:name="com.google.ar.core" />
47-->[:arcore_client:] AndroidManifest.xml:30:9-54
47-->[:arcore_client:] AndroidManifest.xml:30:18-51
48    </queries>
49
50    <application
50-->src/main/AndroidManifest.xml:5:3-121
51        android:banner="@drawable/app_banner"
51-->src/main/AndroidManifest.xml:5:81-118
52        android:extractNativeLibs="false"
53        android:icon="@mipmap/app_icon"
53-->src/main/AndroidManifest.xml:5:49-80
54        android:isGame="true"
54-->[:unityLibrary] AndroidManifest.xml:37:18-39
55        android:label="@string/app_name" >
55-->src/main/AndroidManifest.xml:5:16-48
56        <activity
56-->[:unityLibrary] AndroidManifest.xml:38:9-55:20
57            android:name="com.unity3d.player.UnityPlayerActivity"
57-->[:unityLibrary] AndroidManifest.xml:39:13-66
58            android:configChanges="mcc|mnc|locale|touchscreen|keyboard|keyboardHidden|navigation|orientation|screenLayout|uiMode|screenSize|smallestScreenSize|fontScale|layoutDirection|density"
58-->[:unityLibrary] AndroidManifest.xml:40:13-194
59            android:hardwareAccelerated="false"
59-->[:unityLibrary] AndroidManifest.xml:41:13-48
60            android:launchMode="singleTask"
60-->[:unityLibrary] AndroidManifest.xml:42:13-44
61            android:screenOrientation="fullSensor"
61-->[:unityLibrary] AndroidManifest.xml:43:13-51
62            android:theme="@style/UnityThemeSelector" >
62-->[:unityLibrary] AndroidManifest.xml:44:13-54
63            <intent-filter>
63-->[:unityLibrary] AndroidManifest.xml:45:13-50:29
64                <action android:name="android.intent.action.MAIN" />
64-->[:unityLibrary] AndroidManifest.xml:46:17-69
64-->[:unityLibrary] AndroidManifest.xml:46:25-66
65
66                <category android:name="android.intent.category.LAUNCHER" />
66-->[:unityLibrary] AndroidManifest.xml:48:17-77
66-->[:unityLibrary] AndroidManifest.xml:48:27-74
67                <category android:name="android.intent.category.LEANBACK_LAUNCHER" />
67-->[:unityLibrary] AndroidManifest.xml:49:17-86
67-->[:unityLibrary] AndroidManifest.xml:49:27-83
68            </intent-filter>
69
70            <meta-data
70-->[:unityLibrary] AndroidManifest.xml:52:13-54:40
71                android:name="unityplayer.UnityActivity"
71-->[:unityLibrary] AndroidManifest.xml:53:17-57
72                android:value="true" />
72-->[:unityLibrary] AndroidManifest.xml:54:17-37
73        </activity>
74
75        <meta-data
75-->[:unityLibrary] AndroidManifest.xml:57:9-59:33
76            android:name="unity.splash-mode"
76-->[:unityLibrary] AndroidManifest.xml:58:13-45
77            android:value="0" />
77-->[:unityLibrary] AndroidManifest.xml:59:13-30
78        <meta-data
78-->[:unityLibrary] AndroidManifest.xml:60:9-62:36
79            android:name="unity.splash-enable"
79-->[:unityLibrary] AndroidManifest.xml:61:13-47
80            android:value="True" />
80-->[:unityLibrary] AndroidManifest.xml:62:13-33
81        <meta-data
81-->[:unityLibrary] AndroidManifest.xml:63:9-65:68
82            android:name="unity.build-id"
82-->[:unityLibrary] AndroidManifest.xml:64:13-42
83            android:value="1d9fb700-6832-45c3-82aa-e5b3b0029584" />
83-->[:unityLibrary] AndroidManifest.xml:65:13-65
84        <meta-data
84-->[:unityLibrary] AndroidManifest.xml:66:9-68:36
85            android:name="unityplayer.SkipPermissionsDialog"
85-->[:unityLibrary] AndroidManifest.xml:67:13-61
86            android:value="true" />
86-->[:unityLibrary] AndroidManifest.xml:68:13-33
87        <meta-data
87-->[:unityLibrary] AndroidManifest.xml:69:9-71:40
88            android:name="com.google.ar.core"
88-->[:unityLibrary] AndroidManifest.xml:70:13-46
89            android:value="required" />
89-->[:unityLibrary] AndroidManifest.xml:71:13-37
90
91        <activity
91-->[:UnityAds:] AndroidManifest.xml:15:9-19:74
92            android:name="com.unity3d.services.ads.adunit.AdUnitActivity"
92-->[:UnityAds:] AndroidManifest.xml:16:13-74
93            android:configChanges="fontScale|keyboard|keyboardHidden|locale|mnc|mcc|navigation|orientation|screenLayout|screenSize|smallestScreenSize|uiMode|touchscreen"
93-->[:UnityAds:] AndroidManifest.xml:17:13-170
94            android:hardwareAccelerated="true"
94-->[:UnityAds:] AndroidManifest.xml:18:13-47
95            android:theme="@android:style/Theme.NoTitleBar.Fullscreen" />
95-->[:UnityAds:] AndroidManifest.xml:19:13-71
96        <activity
96-->[:UnityAds:] AndroidManifest.xml:20:9-24:86
97            android:name="com.unity3d.services.ads.adunit.AdUnitTransparentActivity"
97-->[:UnityAds:] AndroidManifest.xml:21:13-85
98            android:configChanges="fontScale|keyboard|keyboardHidden|locale|mnc|mcc|navigation|orientation|screenLayout|screenSize|smallestScreenSize|uiMode|touchscreen"
98-->[:UnityAds:] AndroidManifest.xml:22:13-170
99            android:hardwareAccelerated="true"
99-->[:UnityAds:] AndroidManifest.xml:23:13-47
100            android:theme="@android:style/Theme.Translucent.NoTitleBar.Fullscreen" />
100-->[:UnityAds:] AndroidManifest.xml:24:13-83
101        <activity
101-->[:UnityAds:] AndroidManifest.xml:25:9-29:86
102            android:name="com.unity3d.services.ads.adunit.AdUnitTransparentSoftwareActivity"
102-->[:UnityAds:] AndroidManifest.xml:26:13-93
103            android:configChanges="fontScale|keyboard|keyboardHidden|locale|mnc|mcc|navigation|orientation|screenLayout|screenSize|smallestScreenSize|uiMode|touchscreen"
103-->[:UnityAds:] AndroidManifest.xml:27:13-170
104            android:hardwareAccelerated="false"
104-->[:UnityAds:] AndroidManifest.xml:28:13-48
105            android:theme="@android:style/Theme.Translucent.NoTitleBar.Fullscreen" />
105-->[:UnityAds:] AndroidManifest.xml:29:13-83
106        <activity
106-->[:UnityAds:] AndroidManifest.xml:30:9-34:74
107            android:name="com.unity3d.services.ads.adunit.AdUnitSoftwareActivity"
107-->[:UnityAds:] AndroidManifest.xml:31:13-82
108            android:configChanges="fontScale|keyboard|keyboardHidden|locale|mnc|mcc|navigation|orientation|screenLayout|screenSize|smallestScreenSize|uiMode|touchscreen"
108-->[:UnityAds:] AndroidManifest.xml:32:13-170
109            android:hardwareAccelerated="false"
109-->[:UnityAds:] AndroidManifest.xml:33:13-48
110            android:theme="@android:style/Theme.NoTitleBar.Fullscreen" /> <!-- The minimal version code of ARCore APK required for an app using this SDK. -->
110-->[:UnityAds:] AndroidManifest.xml:34:13-71
111        <meta-data
111-->[:arcore_client:] AndroidManifest.xml:36:9-38:41
112            android:name="com.google.ar.core.min_apk_version"
112-->[:arcore_client:] AndroidManifest.xml:37:13-62
113            android:value="201750000" /> <!-- This activity is critical for installing ARCore when it is not already present. -->
113-->[:arcore_client:] AndroidManifest.xml:38:13-38
114        <activity
114-->[:arcore_client:] AndroidManifest.xml:40:9-46:80
115            android:name="com.google.ar.core.InstallActivity"
115-->[:arcore_client:] AndroidManifest.xml:41:13-62
116            android:configChanges="keyboardHidden|orientation|screenSize"
116-->[:arcore_client:] AndroidManifest.xml:42:13-74
117            android:excludeFromRecents="true"
117-->[:arcore_client:] AndroidManifest.xml:43:13-46
118            android:exported="false"
118-->[:arcore_client:] AndroidManifest.xml:44:13-37
119            android:launchMode="singleTop"
119-->[:arcore_client:] AndroidManifest.xml:45:13-43
120            android:theme="@android:style/Theme.Material.Light.Dialog.Alert" />
120-->[:arcore_client:] AndroidManifest.xml:46:13-77
121    </application>
122
123</manifest>